#
# A fatal error has been detected by the Java Runtime Environment:
#
#  EXCEPTION_ACCESS_VIOLATION (0xc0000005) at pc=0x00007fff27eca8f1, pid=32476, tid=20788
#
# JRE version: OpenJDK Runtime Environment (15.0.2+7) (build 15.0.2+7-27)
# Java VM: OpenJDK 64-Bit Server VM (15.0.2+7-27, mixed mode, tiered, compressed oops, g1 gc, windows-amd64)
# Problematic frame:
# C  [nvoglv64.dll+0xb7a8f1]
#
# No core dump will be written. Minidumps are not enabled by default on client versions of Windows
#
# If you would like to submit a bug report, please visit:
#   https://bugreport.java.com/bugreport/crash.jsp
# The crash happened outside the Java Virtual Machine in native code.
# See problematic frame for where to report the bug.
#

---------------  S U M M A R Y ------------

Command Line: -Dfile.encoding=Cp1252 -XX:+ShowCodeDetailsInExceptionMessages codecraft.Main

Host: Intel(R) Core(TM) i5-8400 CPU @ 2.80GHz, 6 cores, 63G,  Windows 10 , 64 bit Build 19041 (10.0.19041.1023)
Time: Thu Jul  8 13:02:36 2021 Pacific Daylight Time elapsed time: 0.759922 seconds (0d 0h 0m 0s)

---------------  T H R E A D  ---------------

Current thread (0x000001f5047a48a0):  JavaThread "main" [_thread_in_native, id=20788, stack(0x000000ecd0e00000,0x000000ecd0f00000)]

Stack: [0x000000ecd0e00000,0x000000ecd0f00000],  sp=0x000000ecd0efee10,  free space=1019k
Native frames: (J=compiled Java code, j=interpreted, Vv=VM code, C=native code)
C  [nvoglv64.dll+0xb7a8f1]

Java frames: (J=compiled Java code, j=interpreted, Vv=VM code)
j  org.lwjgl.opengl.GL11C.nglDrawElements(IIIJ)V+0
j  org.lwjgl.opengl.GL11C.glDrawElements(IIIJ)V+4
j  org.lwjgl.opengl.GL11.glDrawElements(IIIJ)V+4
j  codecraft.renderEngine.WindowUtils.render(Lcodecraft/renderEngine/Mesh;)V+30
j  codecraft.Main.runCodecraft(Ljava/lang/String;Ljava/lang/String;)V+131
j  codecraft.Main.main([Ljava/lang/String;)V+4
v  ~StubRoutines::call_stub

siginfo: EXCEPTION_ACCESS_VIOLATION (0xc0000005), reading address 0x0000000000000014


Register to memory mapping:

RIP=0x00007fff27eca8f1 nvoglv64.dll
RAX=0x000000a25320d8e9 is an unknown value
RBX=0x0 is NULL
RCX=0x0 is NULL
RDX=0x000006573f48791c is an unknown value
RSP=0x000000ecd0efee10 is pointing into the stack for thread: 0x000001f5047a48a0
RBP=0x000001f541caf080 points into unknown readable memory: 0x0000000000000000 | 00 00 00 00 00 00 00 00
RSI=0x0000000000000006 is an unknown value
RDI=0x0000000000000001 is an unknown value
R8 =0x0000000000000099 is an unknown value
R9 =0x0 is NULL
R10=0x00000000546c6148 is an unknown value
R11=0x000004a0ab070c47 is an unknown value
R12=0x0000000000001405 is an unknown value
R13=0x0000000000001405 is an unknown value
R14=0x0 is NULL
R15=0x000001f5047a48a0 is a thread


Registers:
RAX=0x000000a25320d8e9, RBX=0x0000000000000000, RCX=0x0000000000000000, RDX=0x000006573f48791c
RSP=0x000000ecd0efee10, RBP=0x000001f541caf080, RSI=0x0000000000000006, RDI=0x0000000000000001
R8 =0x0000000000000099, R9 =0x0000000000000000, R10=0x00000000546c6148, R11=0x000004a0ab070c47
R12=0x0000000000001405, R13=0x0000000000001405, R14=0x0000000000000000, R15=0x000001f5047a48a0
RIP=0x00007fff27eca8f1, EFLAGS=0x0000000000010246

Top of Stack: (sp=0x000000ecd0efee10)
0x000000ecd0efee10:   0000000000000018 0000000000000000
0x000000ecd0efee20:   000001f5047a4800 0000000000000000
0x000000ecd0efee30:   0000000000000000 0000000000000000
0x000000ecd0efee40:   000001f5081c8a00 0000000000000000
0x000000ecd0efee50:   00007fff480456c0 000001f5404dba00
0x000000ecd0efee60:   0000077a0000000e 000000000017555d
0x000000ecd0efee70:   000001f547953a90 000001f5047a48a0
0x000000ecd0efee80:   0000000000000000 0000000000001405
0x000000ecd0efee90:   000001f541caf080 0000000000000004
0x000000ecd0efeea0:   0000000000000006 000000ecd0efefe0
0x000000ecd0efeeb0:   0000000000000000 00007fff27b27c76
0x000000ecd0efeec0:   000001f541cb1438 000001f500000004
0x000000ecd0efeed0:   000000ec00000000 00007fff00000000
0x000000ecd0efeee0:   0000000000000018 000001f500001405
0x000000ecd0efeef0:   0000000000000000 0000000000000000
0x000000ecd0efef00:   000001f547953a00 000001f5047a48a0 

Instructions: (pc=0x00007fff27eca8f1)
0x00007fff27eca7f1:   00 48 8b e9 44 8b a4 24 d8 00 00 00 45 8b d8 44
0x00007fff27eca801:   8b c2 8b de 48 8b 91 88 03 00 00 41 8b cc d1 e9
0x00007fff27eca811:   83 e1 03 48 89 94 24 b0 00 00 00 d3 e3 44 8b 52
0x00007fff27eca821:   14 8b 42 18 41 f7 d2 44 23 52 0c 41 0b c2 89 9c
0x00007fff27eca831:   24 d0 00 00 00 f7 d0 23 42 10 80 7a 1e 00 0f 85
0x00007fff27eca841:   db 08 00 00 80 bd dc ec 55 00 00 0f 85 ce 08 00
0x00007fff27eca851:   00 85 f6 0f 8e c6 08 00 00 3b 9d e8 ee 55 00 0f
0x00007fff27eca861:   8f ba 08 00 00 83 7a 08 00 0f 85 b0 08 00 00 80
0x00007fff27eca871:   7a 1d 00 0f 85 a6 08 00 00 80 7a 1c 00 0f 85 9c
0x00007fff27eca881:   08 00 00 80 bd e5 38 55 00 00 0f 85 8f 08 00 00
0x00007fff27eca891:   80 bd ec 38 55 00 00 0f 85 82 08 00 00 a9 00 00
0x00007fff27eca8a1:   03 00 0f 85 77 08 00 00 44 0b d0 44 85 52 20 0f
0x00007fff27eca8b1:   85 6a 08 00 00 48 89 bc 24 80 00 00 00 48 8d 8d
0x00007fff27eca8c1:   40 f0 55 00 4c 89 6c 24 78 bf 01 00 00 00 8b d7
0x00007fff27eca8d1:   4c 89 74 24 70 4c 89 7c 24 68 e8 10 e8 e6 ff 48
0x00007fff27eca8e1:   8b 9c 24 e0 00 00 00 41 81 fc 05 14 00 00 75 18
0x00007fff27eca8f1:   8b 44 b3 fc 4c 8d 6e ff 8b 0b 44 8b f0 3b c8 44
0x00007fff27eca901:   0f 47 f1 0f 42 c1 eb 5c 41 81 fc 03 14 00 00 75
0x00007fff27eca911:   23 0f b7 4c 73 fe 4c 8d 6e ff 0f b7 13 0f b7 c1
0x00007fff27eca921:   66 3b d1 66 0f 47 c2 66 0f 42 ca 44 0f b7 f0 0f
0x00007fff27eca931:   b7 c1 eb 30 41 81 fc 01 14 00 00 0f 85 95 07 00
0x00007fff27eca941:   00 0f b6 54 33 ff 4c 8d 6e ff 44 0f b6 03 8b ca
0x00007fff27eca951:   44 3a c2 41 0f 47 c8 44 0f b6 f1 8b ca 41 0f 42
0x00007fff27eca961:   c8 0f b6 c1 48 8b 8c 24 b0 00 00 00 44 8d 7e ff
0x00007fff27eca971:   44 2b f0 e8 37 0c 00 00 48 8b 84 24 b0 00 00 00
0x00007fff27eca981:   44 8b 50 78 41 8b c2 41 0f af c6 44 89 94 24 d8
0x00007fff27eca991:   00 00 00 3b 85 ec ee 55 00 0f 8f 37 07 00 00 0f
0x00007fff27eca9a1:   29 74 24 50 41 81 fc 05 14 00 00 0f 85 15 01 00
0x00007fff27eca9b1:   00 44 8b 0b 45 8b f1 48 8d 53 04 3b f7 0f 8e 8d
0x00007fff27eca9c1:   03 00 00 41 83 ff 08 0f 82 b6 00 00 00 83 3d 3b
0x00007fff27eca9d1:   ff f3 01 02 0f 8c a9 00 00 00 41 81 e7 07 00 00
0x00007fff27eca9e1:   80 7d 0a 41 ff cf 41 83 cf f8 41 ff c7 66 41 0f 


Stack slot to memory mapping:
stack at sp + 0 slots: 0x0000000000000018 is an unknown value
stack at sp + 1 slots: 0x0 is NULL
stack at sp + 2 slots: 0x000001f5047a4800 points into unknown readable memory: 0x000001f502950498 | 98 04 95 02 f5 01 00 00
stack at sp + 3 slots: 0x0 is NULL
stack at sp + 4 slots: 0x0 is NULL
stack at sp + 5 slots: 0x0 is NULL
stack at sp + 6 slots: 0x000001f5081c8a00 points into unknown readable memory: 0x0000000000000000 | 00 00 00 00 00 00 00 00
stack at sp + 7 slots: 0x0 is NULL


---------------  P R O C E S S  ---------------

Threads class SMR info:
_java_thread_list=0x000001f5404e8230, length=11, elements={
0x000001f5047a48a0, 0x000001f5402fa020, 0x000001f5402fb9f0, 0x000001f54031a230,
0x000001f54031cb00, 0x000001f54031d3c0, 0x000001f540327580, 0x000001f54034c550,
0x000001f54034d730, 0x000001f5403d0dc0, 0x000001f5404e8500
}

Java Threads: ( => current thread )
=>0x000001f5047a48a0 JavaThread "main" [_thread_in_native, id=20788, stack(0x000000ecd0e00000,0x000000ecd0f00000)]
  0x000001f5402fa020 JavaThread "Reference Handler" daemon [_thread_blocked, id=32904, stack(0x000000ecd1500000,0x000000ecd1600000)]
  0x000001f5402fb9f0 JavaThread "Finalizer" daemon [_thread_blocked, id=29152, stack(0x000000ecd1600000,0x000000ecd1700000)]
  0x000001f54031a230 JavaThread "Signal Dispatcher" daemon [_thread_blocked, id=23216, stack(0x000000ecd1700000,0x000000ecd1800000)]
  0x000001f54031cb00 JavaThread "Attach Listener" daemon [_thread_blocked, id=31600, stack(0x000000ecd1800000,0x000000ecd1900000)]
  0x000001f54031d3c0 JavaThread "Service Thread" daemon [_thread_blocked, id=27616, stack(0x000000ecd1900000,0x000000ecd1a00000)]
  0x000001f540327580 JavaThread "C2 CompilerThread0" daemon [_thread_blocked, id=32804, stack(0x000000ecd1a00000,0x000000ecd1b00000)]
  0x000001f54034c550 JavaThread "C1 CompilerThread0" daemon [_thread_blocked, id=29256, stack(0x000000ecd1b00000,0x000000ecd1c00000)]
  0x000001f54034d730 JavaThread "Sweeper thread" daemon [_thread_blocked, id=29716, stack(0x000000ecd1c00000,0x000000ecd1d00000)]
  0x000001f5403d0dc0 JavaThread "Notification Thread" daemon [_thread_blocked, id=18976, stack(0x000000ecd1d00000,0x000000ecd1e00000)]
  0x000001f5404e8500 JavaThread "Common-Cleaner" daemon [_thread_blocked, id=33516, stack(0x000000ecd1f00000,0x000000ecd2000000)]

Other Threads:
  0x000001f5402c09f0 VMThread "VM Thread" [stack: 0x000000ecd1400000,0x000000ecd1500000] [id=31824]
  0x000001f5403d14a0 WatcherThread [stack: 0x000000ecd1e00000,0x000000ecd1f00000] [id=29588]
  0x000001f50485b7a0 GCTaskThread "GC Thread#0" [stack: 0x000000ecd0f00000,0x000000ecd1000000] [id=29060]
  0x000001f50486c9b0 ConcurrentGCThread "G1 Main Marker" [stack: 0x000000ecd1000000,0x000000ecd1100000] [id=15776]
  0x000001f50486ed50 ConcurrentGCThread "G1 Conc#0" [stack: 0x000000ecd1100000,0x000000ecd1200000] [id=32552]
  0x000001f53f5bc010 ConcurrentGCThread "G1 Refine#0" [stack: 0x000000ecd1200000,0x000000ecd1300000] [id=31556]
  0x000001f53f5bcb20 ConcurrentGCThread "G1 Young RemSet Sampling" [stack: 0x000000ecd1300000,0x000000ecd1400000] [id=33740]

Threads with active compile tasks:

VM state: not at safepoint (normal execution)

VM Mutex/Monitor currently owned by a thread: None

Heap address: 0x0000000403000000, size: 16336 MB, Compressed Oops mode: Zero based, Oop shift amount: 3
CDS disabled.
Compressed class space mapped at: 0x0000000800000000-0x0000000840000000, size: 1073741824
Narrow klass base: 0x0000000800000000, Narrow klass shift: 0, Narrow klass range: 0x40000000

GC Precious Log:
 CPUs: 6 total, 6 available
 Memory: 65343M
 Large Page Support: Disabled
 NUMA Support: Disabled
 Compressed Oops: Enabled (Zero based)
 Heap Region Size: 8M
 Heap Min Capacity: 8M
 Heap Initial Capacity: 1G
 Heap Max Capacity: 16336M
 Pre-touch: Disabled
 Parallel Workers: 6
 Concurrent Workers: 2
 Concurrent Refinement Workers: 6
 Periodic GC: Disabled

Heap:
 garbage-first heap   total 1048576K, used 8192K [0x0000000403000000, 0x0000000800000000)
  region size 8192K, 2 young (16384K), 0 survivors (0K)
 Metaspace       used 12889K, capacity 13017K, committed 13312K, reserved 1060864K
  class space    used 871K, capacity 932K, committed 1024K, reserved 1048576K

Heap Regions: E=young(eden), S=young(survivor), O=old, HS=humongous(starts), HC=humongous(continues), CS=collection set, F=free, OA=open archive, CA=closed archive, TAMS=top-at-mark-start (previous, next)
|   0|0x0000000403000000, 0x0000000403000000, 0x0000000403800000|  0%| F|  |TAMS 0x0000000403000000, 0x0000000403000000| Untracked 
|   1|0x0000000403800000, 0x0000000403800000, 0x0000000404000000|  0%| F|  |TAMS 0x0000000403800000, 0x0000000403800000| Untracked 
|   2|0x0000000404000000, 0x0000000404000000, 0x0000000404800000|  0%| F|  |TAMS 0x0000000404000000, 0x0000000404000000| Untracked 
|   3|0x0000000404800000, 0x0000000404800000, 0x0000000405000000|  0%| F|  |TAMS 0x0000000404800000, 0x0000000404800000| Untracked 
|   4|0x0000000405000000, 0x0000000405000000, 0x0000000405800000|  0%| F|  |TAMS 0x0000000405000000, 0x0000000405000000| Untracked 
|   5|0x0000000405800000, 0x0000000405800000, 0x0000000406000000|  0%| F|  |TAMS 0x0000000405800000, 0x0000000405800000| Untracked 
|   6|0x0000000406000000, 0x0000000406000000, 0x0000000406800000|  0%| F|  |TAMS 0x0000000406000000, 0x0000000406000000| Untracked 
|   7|0x0000000406800000, 0x0000000406800000, 0x0000000407000000|  0%| F|  |TAMS 0x0000000406800000, 0x0000000406800000| Untracked 
|   8|0x0000000407000000, 0x0000000407000000, 0x0000000407800000|  0%| F|  |TAMS 0x0000000407000000, 0x0000000407000000| Untracked 
|   9|0x0000000407800000, 0x0000000407800000, 0x0000000408000000|  0%| F|  |TAMS 0x0000000407800000, 0x0000000407800000| Untracked 
|  10|0x0000000408000000, 0x0000000408000000, 0x0000000408800000|  0%| F|  |TAMS 0x0000000408000000, 0x0000000408000000| Untracked 
|  11|0x0000000408800000, 0x0000000408800000, 0x0000000409000000|  0%| F|  |TAMS 0x0000000408800000, 0x0000000408800000| Untracked 
|  12|0x0000000409000000, 0x0000000409000000, 0x0000000409800000|  0%| F|  |TAMS 0x0000000409000000, 0x0000000409000000| Untracked 
|  13|0x0000000409800000, 0x0000000409800000, 0x000000040a000000|  0%| F|  |TAMS 0x0000000409800000, 0x0000000409800000| Untracked 
|  14|0x000000040a000000, 0x000000040a000000, 0x000000040a800000|  0%| F|  |TAMS 0x000000040a000000, 0x000000040a000000| Untracked 
|  15|0x000000040a800000, 0x000000040a800000, 0x000000040b000000|  0%| F|  |TAMS 0x000000040a800000, 0x000000040a800000| Untracked 
|  16|0x000000040b000000, 0x000000040b000000, 0x000000040b800000|  0%| F|  |TAMS 0x000000040b000000, 0x000000040b000000| Untracked 
|  17|0x000000040b800000, 0x000000040b800000, 0x000000040c000000|  0%| F|  |TAMS 0x000000040b800000, 0x000000040b800000| Untracked 
|  18|0x000000040c000000, 0x000000040c000000, 0x000000040c800000|  0%| F|  |TAMS 0x000000040c000000, 0x000000040c000000| Untracked 
|  19|0x000000040c800000, 0x000000040c800000, 0x000000040d000000|  0%| F|  |TAMS 0x000000040c800000, 0x000000040c800000| Untracked 
|  20|0x000000040d000000, 0x000000040d000000, 0x000000040d800000|  0%| F|  |TAMS 0x000000040d000000, 0x000000040d000000| Untracked 
|  21|0x000000040d800000, 0x000000040d800000, 0x000000040e000000|  0%| F|  |TAMS 0x000000040d800000, 0x000000040d800000| Untracked 
|  22|0x000000040e000000, 0x000000040e000000, 0x000000040e800000|  0%| F|  |TAMS 0x000000040e000000, 0x000000040e000000| Untracked 
|  23|0x000000040e800000, 0x000000040e800000, 0x000000040f000000|  0%| F|  |TAMS 0x000000040e800000, 0x000000040e800000| Untracked 
|  24|0x000000040f000000, 0x000000040f000000, 0x000000040f800000|  0%| F|  |TAMS 0x000000040f000000, 0x000000040f000000| Untracked 
|  25|0x000000040f800000, 0x000000040f800000, 0x0000000410000000|  0%| F|  |TAMS 0x000000040f800000, 0x000000040f800000| Untracked 
|  26|0x0000000410000000, 0x0000000410000000, 0x0000000410800000|  0%| F|  |TAMS 0x0000000410000000, 0x0000000410000000| Untracked 
|  27|0x0000000410800000, 0x0000000410800000, 0x0000000411000000|  0%| F|  |TAMS 0x0000000410800000, 0x0000000410800000| Untracked 
|  28|0x0000000411000000, 0x0000000411000000, 0x0000000411800000|  0%| F|  |TAMS 0x0000000411000000, 0x0000000411000000| Untracked 
|  29|0x0000000411800000, 0x0000000411800000, 0x0000000412000000|  0%| F|  |TAMS 0x0000000411800000, 0x0000000411800000| Untracked 
|  30|0x0000000412000000, 0x0000000412000000, 0x0000000412800000|  0%| F|  |TAMS 0x0000000412000000, 0x0000000412000000| Untracked 
|  31|0x0000000412800000, 0x0000000412800000, 0x0000000413000000|  0%| F|  |TAMS 0x0000000412800000, 0x0000000412800000| Untracked 
|  32|0x0000000413000000, 0x0000000413000000, 0x0000000413800000|  0%| F|  |TAMS 0x0000000413000000, 0x0000000413000000| Untracked 
|  33|0x0000000413800000, 0x0000000413800000, 0x0000000414000000|  0%| F|  |TAMS 0x0000000413800000, 0x0000000413800000| Untracked 
|  34|0x0000000414000000, 0x0000000414000000, 0x0000000414800000|  0%| F|  |TAMS 0x0000000414000000, 0x0000000414000000| Untracked 
|  35|0x0000000414800000, 0x0000000414800000, 0x0000000415000000|  0%| F|  |TAMS 0x0000000414800000, 0x0000000414800000| Untracked 
|  36|0x0000000415000000, 0x0000000415000000, 0x0000000415800000|  0%| F|  |TAMS 0x0000000415000000, 0x0000000415000000| Untracked 
|  37|0x0000000415800000, 0x0000000415800000, 0x0000000416000000|  0%| F|  |TAMS 0x0000000415800000, 0x0000000415800000| Untracked 
|  38|0x0000000416000000, 0x0000000416000000, 0x0000000416800000|  0%| F|  |TAMS 0x0000000416000000, 0x0000000416000000| Untracked 
|  39|0x0000000416800000, 0x0000000416800000, 0x0000000417000000|  0%| F|  |TAMS 0x0000000416800000, 0x0000000416800000| Untracked 
|  40|0x0000000417000000, 0x0000000417000000, 0x0000000417800000|  0%| F|  |TAMS 0x0000000417000000, 0x0000000417000000| Untracked 
|  41|0x0000000417800000, 0x0000000417800000, 0x0000000418000000|  0%| F|  |TAMS 0x0000000417800000, 0x0000000417800000| Untracked 
|  42|0x0000000418000000, 0x0000000418000000, 0x0000000418800000|  0%| F|  |TAMS 0x0000000418000000, 0x0000000418000000| Untracked 
|  43|0x0000000418800000, 0x0000000418800000, 0x0000000419000000|  0%| F|  |TAMS 0x0000000418800000, 0x0000000418800000| Untracked 
|  44|0x0000000419000000, 0x0000000419000000, 0x0000000419800000|  0%| F|  |TAMS 0x0000000419000000, 0x0000000419000000| Untracked 
|  45|0x0000000419800000, 0x0000000419800000, 0x000000041a000000|  0%| F|  |TAMS 0x0000000419800000, 0x0000000419800000| Untracked 
|  46|0x000000041a000000, 0x000000041a000000, 0x000000041a800000|  0%| F|  |TAMS 0x000000041a000000, 0x000000041a000000| Untracked 
|  47|0x000000041a800000, 0x000000041a800000, 0x000000041b000000|  0%| F|  |TAMS 0x000000041a800000, 0x000000041a800000| Untracked 
|  48|0x000000041b000000, 0x000000041b000000, 0x000000041b800000|  0%| F|  |TAMS 0x000000041b000000, 0x000000041b000000| Untracked 
|  49|0x000000041b800000, 0x000000041b800000, 0x000000041c000000|  0%| F|  |TAMS 0x000000041b800000, 0x000000041b800000| Untracked 
|  50|0x000000041c000000, 0x000000041c000000, 0x000000041c800000|  0%| F|  |TAMS 0x000000041c000000, 0x000000041c000000| Untracked 
|  51|0x000000041c800000, 0x000000041c800000, 0x000000041d000000|  0%| F|  |TAMS 0x000000041c800000, 0x000000041c800000| Untracked 
|  52|0x000000041d000000, 0x000000041d000000, 0x000000041d800000|  0%| F|  |TAMS 0x000000041d000000, 0x000000041d000000| Untracked 
|  53|0x000000041d800000, 0x000000041d800000, 0x000000041e000000|  0%| F|  |TAMS 0x000000041d800000, 0x000000041d800000| Untracked 
|  54|0x000000041e000000, 0x000000041e000000, 0x000000041e800000|  0%| F|  |TAMS 0x000000041e000000, 0x000000041e000000| Untracked 
|  55|0x000000041e800000, 0x000000041e800000, 0x000000041f000000|  0%| F|  |TAMS 0x000000041e800000, 0x000000041e800000| Untracked 
|  56|0x000000041f000000, 0x000000041f000000, 0x000000041f800000|  0%| F|  |TAMS 0x000000041f000000, 0x000000041f000000| Untracked 
|  57|0x000000041f800000, 0x000000041f800000, 0x0000000420000000|  0%| F|  |TAMS 0x000000041f800000, 0x000000041f800000| Untracked 
|  58|0x0000000420000000, 0x0000000420000000, 0x0000000420800000|  0%| F|  |TAMS 0x0000000420000000, 0x0000000420000000| Untracked 
|  59|0x0000000420800000, 0x0000000420800000, 0x0000000421000000|  0%| F|  |TAMS 0x0000000420800000, 0x0000000420800000| Untracked 
|  60|0x0000000421000000, 0x0000000421000000, 0x0000000421800000|  0%| F|  |TAMS 0x0000000421000000, 0x0000000421000000| Untracked 
|  61|0x0000000421800000, 0x0000000421800000, 0x0000000422000000|  0%| F|  |TAMS 0x0000000421800000, 0x0000000421800000| Untracked 
|  62|0x0000000422000000, 0x0000000422000000, 0x0000000422800000|  0%| F|  |TAMS 0x0000000422000000, 0x0000000422000000| Untracked 
|  63|0x0000000422800000, 0x0000000422800000, 0x0000000423000000|  0%| F|  |TAMS 0x0000000422800000, 0x0000000422800000| Untracked 
|  64|0x0000000423000000, 0x0000000423000000, 0x0000000423800000|  0%| F|  |TAMS 0x0000000423000000, 0x0000000423000000| Untracked 
|  65|0x0000000423800000, 0x0000000423800000, 0x0000000424000000|  0%| F|  |TAMS 0x0000000423800000, 0x0000000423800000| Untracked 
|  66|0x0000000424000000, 0x0000000424000000, 0x0000000424800000|  0%| F|  |TAMS 0x0000000424000000, 0x0000000424000000| Untracked 
|  67|0x0000000424800000, 0x0000000424800000, 0x0000000425000000|  0%| F|  |TAMS 0x0000000424800000, 0x0000000424800000| Untracked 
|  68|0x0000000425000000, 0x0000000425000000, 0x0000000425800000|  0%| F|  |TAMS 0x0000000425000000, 0x0000000425000000| Untracked 
|  69|0x0000000425800000, 0x0000000425800000, 0x0000000426000000|  0%| F|  |TAMS 0x0000000425800000, 0x0000000425800000| Untracked 
|  70|0x0000000426000000, 0x0000000426000000, 0x0000000426800000|  0%| F|  |TAMS 0x0000000426000000, 0x0000000426000000| Untracked 
|  71|0x0000000426800000, 0x0000000426800000, 0x0000000427000000|  0%| F|  |TAMS 0x0000000426800000, 0x0000000426800000| Untracked 
|  72|0x0000000427000000, 0x0000000427000000, 0x0000000427800000|  0%| F|  |TAMS 0x0000000427000000, 0x0000000427000000| Untracked 
|  73|0x0000000427800000, 0x0000000427800000, 0x0000000428000000|  0%| F|  |TAMS 0x0000000427800000, 0x0000000427800000| Untracked 
|  74|0x0000000428000000, 0x0000000428000000, 0x0000000428800000|  0%| F|  |TAMS 0x0000000428000000, 0x0000000428000000| Untracked 
|  75|0x0000000428800000, 0x0000000428800000, 0x0000000429000000|  0%| F|  |TAMS 0x0000000428800000, 0x0000000428800000| Untracked 
|  76|0x0000000429000000, 0x0000000429000000, 0x0000000429800000|  0%| F|  |TAMS 0x0000000429000000, 0x0000000429000000| Untracked 
|  77|0x0000000429800000, 0x0000000429800000, 0x000000042a000000|  0%| F|  |TAMS 0x0000000429800000, 0x0000000429800000| Untracked 
|  78|0x000000042a000000, 0x000000042a000000, 0x000000042a800000|  0%| F|  |TAMS 0x000000042a000000, 0x000000042a000000| Untracked 
|  79|0x000000042a800000, 0x000000042a800000, 0x000000042b000000|  0%| F|  |TAMS 0x000000042a800000, 0x000000042a800000| Untracked 
|  80|0x000000042b000000, 0x000000042b000000, 0x000000042b800000|  0%| F|  |TAMS 0x000000042b000000, 0x000000042b000000| Untracked 
|  81|0x000000042b800000, 0x000000042b800000, 0x000000042c000000|  0%| F|  |TAMS 0x000000042b800000, 0x000000042b800000| Untracked 
|  82|0x000000042c000000, 0x000000042c000000, 0x000000042c800000|  0%| F|  |TAMS 0x000000042c000000, 0x000000042c000000| Untracked 
|  83|0x000000042c800000, 0x000000042c800000, 0x000000042d000000|  0%| F|  |TAMS 0x000000042c800000, 0x000000042c800000| Untracked 
|  84|0x000000042d000000, 0x000000042d000000, 0x000000042d800000|  0%| F|  |TAMS 0x000000042d000000, 0x000000042d000000| Untracked 
|  85|0x000000042d800000, 0x000000042d800000, 0x000000042e000000|  0%| F|  |TAMS 0x000000042d800000, 0x000000042d800000| Untracked 
|  86|0x000000042e000000, 0x000000042e000000, 0x000000042e800000|  0%| F|  |TAMS 0x000000042e000000, 0x000000042e000000| Untracked 
|  87|0x000000042e800000, 0x000000042e800000, 0x000000042f000000|  0%| F|  |TAMS 0x000000042e800000, 0x000000042e800000| Untracked 
|  88|0x000000042f000000, 0x000000042f000000, 0x000000042f800000|  0%| F|  |TAMS 0x000000042f000000, 0x000000042f000000| Untracked 
|  89|0x000000042f800000, 0x000000042f800000, 0x0000000430000000|  0%| F|  |TAMS 0x000000042f800000, 0x000000042f800000| Untracked 
|  90|0x0000000430000000, 0x0000000430000000, 0x0000000430800000|  0%| F|  |TAMS 0x0000000430000000, 0x0000000430000000| Untracked 
|  91|0x0000000430800000, 0x0000000430800000, 0x0000000431000000|  0%| F|  |TAMS 0x0000000430800000, 0x0000000430800000| Untracked 
|  92|0x0000000431000000, 0x0000000431000000, 0x0000000431800000|  0%| F|  |TAMS 0x0000000431000000, 0x0000000431000000| Untracked 
|  93|0x0000000431800000, 0x0000000431800000, 0x0000000432000000|  0%| F|  |TAMS 0x0000000431800000, 0x0000000431800000| Untracked 
|  94|0x0000000432000000, 0x0000000432000000, 0x0000000432800000|  0%| F|  |TAMS 0x0000000432000000, 0x0000000432000000| Untracked 
|  95|0x0000000432800000, 0x0000000432800000, 0x0000000433000000|  0%| F|  |TAMS 0x0000000432800000, 0x0000000432800000| Untracked 
|  96|0x0000000433000000, 0x0000000433000000, 0x0000000433800000|  0%| F|  |TAMS 0x0000000433000000, 0x0000000433000000| Untracked 
|  97|0x0000000433800000, 0x0000000433800000, 0x0000000434000000|  0%| F|  |TAMS 0x0000000433800000, 0x0000000433800000| Untracked 
|  98|0x0000000434000000, 0x0000000434000000, 0x0000000434800000|  0%| F|  |TAMS 0x0000000434000000, 0x0000000434000000| Untracked 
|  99|0x0000000434800000, 0x0000000434800000, 0x0000000435000000|  0%| F|  |TAMS 0x0000000434800000, 0x0000000434800000| Untracked 
| 100|0x0000000435000000, 0x0000000435000000, 0x0000000435800000|  0%| F|  |TAMS 0x0000000435000000, 0x0000000435000000| Untracked 
| 101|0x0000000435800000, 0x0000000435800000, 0x0000000436000000|  0%| F|  |TAMS 0x0000000435800000, 0x0000000435800000| Untracked 
| 102|0x0000000436000000, 0x0000000436000000, 0x0000000436800000|  0%| F|  |TAMS 0x0000000436000000, 0x0000000436000000| Untracked 
| 103|0x0000000436800000, 0x0000000436800000, 0x0000000437000000|  0%| F|  |TAMS 0x0000000436800000, 0x0000000436800000| Untracked 
| 104|0x0000000437000000, 0x0000000437000000, 0x0000000437800000|  0%| F|  |TAMS 0x0000000437000000, 0x0000000437000000| Untracked 
| 105|0x0000000437800000, 0x0000000437800000, 0x0000000438000000|  0%| F|  |TAMS 0x0000000437800000, 0x0000000437800000| Untracked 
| 106|0x0000000438000000, 0x0000000438000000, 0x0000000438800000|  0%| F|  |TAMS 0x0000000438000000, 0x0000000438000000| Untracked 
| 107|0x0000000438800000, 0x0000000438800000, 0x0000000439000000|  0%| F|  |TAMS 0x0000000438800000, 0x0000000438800000| Untracked 
| 108|0x0000000439000000, 0x0000000439000000, 0x0000000439800000|  0%| F|  |TAMS 0x0000000439000000, 0x0000000439000000| Untracked 
| 109|0x0000000439800000, 0x0000000439800000, 0x000000043a000000|  0%| F|  |TAMS 0x0000000439800000, 0x0000000439800000| Untracked 
| 110|0x000000043a000000, 0x000000043a000000, 0x000000043a800000|  0%| F|  |TAMS 0x000000043a000000, 0x000000043a000000| Untracked 
| 111|0x000000043a800000, 0x000000043a800000, 0x000000043b000000|  0%| F|  |TAMS 0x000000043a800000, 0x000000043a800000| Untracked 
| 112|0x000000043b000000, 0x000000043b000000, 0x000000043b800000|  0%| F|  |TAMS 0x000000043b000000, 0x000000043b000000| Untracked 
| 113|0x000000043b800000, 0x000000043b800000, 0x000000043c000000|  0%| F|  |TAMS 0x000000043b800000, 0x000000043b800000| Untracked 
| 114|0x000000043c000000, 0x000000043c000000, 0x000000043c800000|  0%| F|  |TAMS 0x000000043c000000, 0x000000043c000000| Untracked 
| 115|0x000000043c800000, 0x000000043c800000, 0x000000043d000000|  0%| F|  |TAMS 0x000000043c800000, 0x000000043c800000| Untracked 
| 116|0x000000043d000000, 0x000000043d000000, 0x000000043d800000|  0%| F|  |TAMS 0x000000043d000000, 0x000000043d000000| Untracked 
| 117|0x000000043d800000, 0x000000043d800000, 0x000000043e000000|  0%| F|  |TAMS 0x000000043d800000, 0x000000043d800000| Untracked 
| 118|0x000000043e000000, 0x000000043e000000, 0x000000043e800000|  0%| F|  |TAMS 0x000000043e000000, 0x000000043e000000| Untracked 
| 119|0x000000043e800000, 0x000000043e800000, 0x000000043f000000|  0%| F|  |TAMS 0x000000043e800000, 0x000000043e800000| Untracked 
| 120|0x000000043f000000, 0x000000043f000000, 0x000000043f800000|  0%| F|  |TAMS 0x000000043f000000, 0x000000043f000000| Untracked 
| 121|0x000000043f800000, 0x000000043f800000, 0x0000000440000000|  0%| F|  |TAMS 0x000000043f800000, 0x000000043f800000| Untracked 
| 122|0x0000000440000000, 0x0000000440000000, 0x0000000440800000|  0%| F|  |TAMS 0x0000000440000000, 0x0000000440000000| Untracked 
| 123|0x0000000440800000, 0x0000000440800000, 0x0000000441000000|  0%| F|  |TAMS 0x0000000440800000, 0x0000000440800000| Untracked 
| 124|0x0000000441000000, 0x0000000441000000, 0x0000000441800000|  0%| F|  |TAMS 0x0000000441000000, 0x0000000441000000| Untracked 
| 125|0x0000000441800000, 0x0000000441800000, 0x0000000442000000|  0%| F|  |TAMS 0x0000000441800000, 0x0000000441800000| Untracked 
| 126|0x0000000442000000, 0x00000004425c8f88, 0x0000000442800000| 72%| E|  |TAMS 0x0000000442000000, 0x0000000442000000| Complete 
| 127|0x0000000442800000, 0x0000000443000000, 0x0000000443000000|100%| E|CS|TAMS 0x0000000442800000, 0x0000000442800000| Complete 

Card table byte_map: [0x000001f5192c0000,0x000001f51b2b0000] _byte_map_base: 0x000001f5172a8000

Marking Bits (Prev, Next): (CMBitMap*) 0x000001f50485c010, (CMBitMap*) 0x000001f50485c050
 Prev Bits: [0x000001f51d2a0000, 0x000001f52d1e0000)
 Next Bits: [0x000001f52d1e0000, 0x000001f53d120000)

Polling page: 0x000001f502940000

Metaspace:

Usage:
  Non-class:     11.80 MB capacity,    11.74 MB (>99%) used,    56.20 KB ( <1%) free+waste,    10.38 KB ( <1%) overhead. 
      Class:    932.00 KB capacity,   871.50 KB ( 94%) used,    57.75 KB (  6%) free+waste,     2.75 KB ( <1%) overhead. 
       Both:     12.71 MB capacity,    12.59 MB (>99%) used,   113.95 KB ( <1%) free+waste,    13.12 KB ( <1%) overhead. 

Virtual space:
  Non-class space:       12.00 MB reserved,      12.00 MB (100%) committed 
      Class space:        1.00 GB reserved,       1.00 MB ( <1%) committed 
             Both:        1.01 GB reserved,      13.00 MB (  1%) committed 

Chunk freelists:
   Non-Class:  75.00 KB
       Class:  28.00 KB
        Both:  103.00 KB

MaxMetaspaceSize: 17179869184.00 GB
CompressedClassSpaceSize: 1.00 GB

CodeHeap 'non-profiled nmethods': size=120000Kb used=196Kb max_used=196Kb free=119803Kb
 bounds [0x000001f50fc90000, 0x000001f50ff00000, 0x000001f5171c0000]
CodeHeap 'profiled nmethods': size=120000Kb used=1232Kb max_used=1232Kb free=118767Kb
 bounds [0x000001f508760000, 0x000001f5089d0000, 0x000001f50fc90000]
CodeHeap 'non-nmethods': size=5760Kb used=1589Kb max_used=1612Kb free=4170Kb
 bounds [0x000001f5081c0000, 0x000001f508430000, 0x000001f508760000]
 total_blobs=1699 nmethods=722 adapters=890
 compilation: enabled
              stopped_count=0, restarted_count=0
 full_count=0

Compilation events (20 events):
Event: 0.744 Thread 0x000001f54034c550 nmethod 716 0x000001f50888d110 code [0x000001f50888d2c0, 0x000001f50888d3e8]
Event: 0.744 Thread 0x000001f54034c550  718   !   3       jdk.internal.loader.Resource::getBytes (244 bytes)
Event: 0.744 Thread 0x000001f540327580 nmethod 695 0x000001f50fcbe910 code [0x000001f50fcbeb00, 0x000001f50fcbfed8]
Event: 0.744 Thread 0x000001f540327580  705       4       java.lang.StringUTF16::getChar (60 bytes)
Event: 0.745 Thread 0x000001f540327580 nmethod 705 0x000001f50fcc0590 code [0x000001f50fcc0700, 0x000001f50fcc07b8]
Event: 0.745 Thread 0x000001f540327580  698       4       java.lang.String::indexOf (7 bytes)
Event: 0.745 Thread 0x000001f54034c550 nmethod 718 0x000001f50888d490 code [0x000001f50888d780, 0x000001f50888eba8]
Event: 0.745 Thread 0x000001f54034c550  719       3       java.lang.AbstractStringBuilder::append (45 bytes)
Event: 0.745 Thread 0x000001f54034c550 nmethod 719 0x000001f50888f410 code [0x000001f50888f620, 0x000001f50888fb38]
Event: 0.745 Thread 0x000001f54034c550  720       3       java.lang.AbstractStringBuilder::putStringAt (29 bytes)
Event: 0.745 Thread 0x000001f54034c550 nmethod 720 0x000001f50888fd90 code [0x000001f50888ff60, 0x000001f508890258]
Event: 0.745 Thread 0x000001f54034c550  717   !   3       jdk.internal.loader.BuiltinClassLoader::defineOrCheckPackage (94 bytes)
Event: 0.746 Thread 0x000001f54034c550 nmethod 717 0x000001f508890390 code [0x000001f508890600, 0x000001f508890f78]
Event: 0.746 Thread 0x000001f54034c550  721       3       java.util.jar.JarFile$JarFileEntry::getRealName (5 bytes)
Event: 0.746 Thread 0x000001f54034c550 nmethod 721 0x000001f508891310 code [0x000001f5088914a0, 0x000001f5088915b8]
Event: 0.746 Thread 0x000001f54034c550  722       3       sun.net.www.protocol.jar.Handler::parseContextSpec (150 bytes)
Event: 0.747 Thread 0x000001f54034c550 nmethod 722 0x000001f508891690 code [0x000001f508891b00, 0x000001f5088937d8]
Event: 0.747 Thread 0x000001f540327580 nmethod 698 0x000001f50fcc0890 code [0x000001f50fcc0a20, 0x000001f50fcc0c78]
Event: 0.747 Thread 0x000001f540327580  715       4       sun.misc.Unsafe::putByte (9 bytes)
Event: 0.747 Thread 0x000001f540327580 nmethod 715 0x000001f50fcc0e10 code [0x000001f50fcc0f80, 0x000001f50fcc0ff8]

GC Heap History (0 events):
No events

Deoptimization events (20 events):
Event: 0.586 Thread 0x000001f5047a48a0 DEOPT PACKING pc=0x000001f50fcaf2d8 sp=0x000000ecd0efee70
Event: 0.586 Thread 0x000001f5047a48a0 DEOPT UNPACKING pc=0x000001f50820e42f sp=0x000000ecd0efedf8 mode 2
Event: 0.656 Thread 0x000001f5047a48a0 DEOPT PACKING pc=0x000001f50878aadf sp=0x000000ecd0efd9b0
Event: 0.656 Thread 0x000001f5047a48a0 DEOPT UNPACKING pc=0x000001f50820e23f sp=0x000000ecd0efce00 mode 0
Event: 0.716 Thread 0x000001f5047a48a0 Uncommon trap: trap_request=0xffffff45 fr.pc=0x000001f50fcbc5b4 relative=0x0000000000000034
Event: 0.716 Thread 0x000001f5047a48a0 Uncommon trap: reason=unstable_if action=reinterpret pc=0x000001f50fcbc5b4 method=java.lang.reflect.Modifier.isFinal(I)Z @ 4 c2
Event: 0.716 Thread 0x000001f5047a48a0 DEOPT PACKING pc=0x000001f50fcbc5b4 sp=0x000000ecd0efd350
Event: 0.716 Thread 0x000001f5047a48a0 DEOPT UNPACKING pc=0x000001f50820e42f sp=0x000000ecd0efd2e0 mode 2
Event: 0.741 Thread 0x000001f5047a48a0 Uncommon trap: trap_request=0xffffff45 fr.pc=0x000001f50fcb7ec4 relative=0x0000000000000504
Event: 0.741 Thread 0x000001f5047a48a0 Uncommon trap: reason=unstable_if action=reinterpret pc=0x000001f50fcb7ec4 method=java.lang.AbstractStringBuilder.putStringAt(ILjava/lang/String;)V @ 8 c2
Event: 0.741 Thread 0x000001f5047a48a0 DEOPT PACKING pc=0x000001f50fcb7ec4 sp=0x000000ecd0efedc0
Event: 0.741 Thread 0x000001f5047a48a0 DEOPT UNPACKING pc=0x000001f50820e42f sp=0x000000ecd0efecc8 mode 2
Event: 0.741 Thread 0x000001f5047a48a0 Uncommon trap: trap_request=0xffffff45 fr.pc=0x000001f50fcb460c relative=0x00000000000004cc
Event: 0.741 Thread 0x000001f5047a48a0 Uncommon trap: reason=unstable_if action=reinterpret pc=0x000001f50fcb460c method=java.lang.AbstractStringBuilder.putStringAt(ILjava/lang/String;)V @ 8 c2
Event: 0.741 Thread 0x000001f5047a48a0 DEOPT PACKING pc=0x000001f50fcb460c sp=0x000000ecd0efed50
Event: 0.741 Thread 0x000001f5047a48a0 DEOPT UNPACKING pc=0x000001f50820e42f sp=0x000000ecd0efecc0 mode 2
Event: 0.741 Thread 0x000001f5047a48a0 Uncommon trap: trap_request=0xffffff45 fr.pc=0x000001f50fcb3284 relative=0x00000000000000e4
Event: 0.741 Thread 0x000001f5047a48a0 Uncommon trap: reason=unstable_if action=reinterpret pc=0x000001f50fcb3284 method=java.lang.String.getBytes([BIB)V @ 5 c2
Event: 0.741 Thread 0x000001f5047a48a0 DEOPT PACKING pc=0x000001f50fcb3284 sp=0x000000ecd0efec70
Event: 0.741 Thread 0x000001f5047a48a0 DEOPT UNPACKING pc=0x000001f50820e42f sp=0x000000ecd0efec38 mode 2

Classes unloaded (0 events):
No events

Classes redefined (0 events):
No events

Internal exceptions (15 events):
Event: 0.136 Thread 0x000001f5047a48a0 Exception <a 'java/lang/NoSuchMethodError'{0x0000000442a95f70}: 'void java.lang.invoke.DirectMethodHandle$Holder.invokeStatic(java.lang.Object, java.lang.Object)'> (0x0000000442a95f70) 
thrown [./open/src/hotspot/share/interpreter/linkResolver.cpp, line 782]
Event: 0.137 Thread 0x000001f5047a48a0 Exception <a 'java/lang/NoSuchMethodError'{0x0000000442a9ba68}: 'void java.lang.invoke.DirectMethodHandle$Holder.invokeSpecial(java.lang.Object, java.lang.Object, java.lang.Object)'> (0x0000000442a9ba68) 
thrown [./open/src/hotspot/share/interpreter/linkResolver.cpp, line 782]
Event: 0.140 Thread 0x000001f5047a48a0 Exception <a 'java/lang/NoSuchMethodError'{0x0000000442ab06d8}: 'java.lang.Object java.lang.invoke.DirectMethodHandle$Holder.invokeStatic(java.lang.Object, java.lang.Object, int)'> (0x0000000442ab06d8) 
thrown [./open/src/hotspot/share/interpreter/linkResolver.cpp, line 782]
Event: 0.141 Thread 0x000001f5047a48a0 Exception <a 'java/lang/NoSuchMethodError'{0x0000000442abc820}: 'void java.lang.invoke.DelegatingMethodHandle$Holder.delegate(java.lang.Object, java.lang.Object, int, java.lang.Object)'> (0x0000000442abc820) 
thrown [./open/src/hotspot/share/interpreter/linkResolver.cpp, line 782]
Event: 0.141 Thread 0x000001f5047a48a0 Exception <a 'java/lang/NoSuchMethodError'{0x0000000442ac0b68}: 'int java.lang.invoke.DirectMethodHandle$Holder.invokeSpecial(java.lang.Object, java.lang.Object, java.lang.Object)'> (0x0000000442ac0b68) 
thrown [./open/src/hotspot/share/interpreter/linkResolver.cpp, line 782]
Event: 0.177 Thread 0x000001f5047a48a0 Exception <a 'sun/nio/fs/WindowsException'{0x0000000442b7c5e8}> (0x0000000442b7c5e8) 
thrown [./open/src/hotspot/share/prims/jni.cpp, line 578]
Event: 0.177 Thread 0x000001f5047a48a0 Exception <a 'sun/nio/fs/WindowsException'{0x0000000442b7cb40}> (0x0000000442b7cb40) 
thrown [./open/src/hotspot/share/prims/jni.cpp, line 578]
Event: 0.188 Thread 0x000001f5047a48a0 Exception <a 'sun/nio/fs/WindowsException'{0x0000000442be3830}> (0x0000000442be3830) 
thrown [./open/src/hotspot/share/prims/jni.cpp, line 578]
Event: 0.188 Thread 0x000001f5047a48a0 Exception <a 'sun/nio/fs/WindowsException'{0x0000000442be3ba0}> (0x0000000442be3ba0) 
thrown [./open/src/hotspot/share/prims/jni.cpp, line 578]
Event: 0.192 Thread 0x000001f5047a48a0 Exception <a 'java/lang/NoSuchMethodError'{0x0000000442c15870}: 'java.lang.Object java.lang.invoke.DirectMethodHandle$Holder.invokeStatic(java.lang.Object)'> (0x0000000442c15870) 
thrown [./open/src/hotspot/share/interpreter/linkResolver.cpp, line 782]
Event: 0.193 Thread 0x000001f5047a48a0 Exception <a 'java/lang/NoSuchMethodError'{0x0000000442c18ee0}: 'java.lang.Object java.lang.invoke.DirectMethodHandle$Holder.invokeStaticInit(java.lang.Object)'> (0x0000000442c18ee0) 
thrown [./open/src/hotspot/share/interpreter/linkResolver.cpp, line 782]
Event: 0.552 Thread 0x000001f5047a48a0 Exception <a 'sun/nio/fs/WindowsException'{0x0000000442cc6be0}> (0x0000000442cc6be0) 
thrown [./open/src/hotspot/share/prims/jni.cpp, line 578]
Event: 0.552 Thread 0x000001f5047a48a0 Exception <a 'sun/nio/fs/WindowsException'{0x0000000442cc6f90}> (0x0000000442cc6f90) 
thrown [./open/src/hotspot/share/prims/jni.cpp, line 578]
Event: 0.555 Thread 0x000001f5047a48a0 Exception <a 'sun/nio/fs/WindowsException'{0x0000000442cd3dc8}> (0x0000000442cd3dc8) 
thrown [./open/src/hotspot/share/prims/jni.cpp, line 578]
Event: 0.555 Thread 0x000001f5047a48a0 Exception <a 'sun/nio/fs/WindowsException'{0x0000000442cd40b0}> (0x0000000442cd40b0) 
thrown [./open/src/hotspot/share/prims/jni.cpp, line 578]

Events (20 events):
Event: 0.739 loading class java/util/stream/Sink$ChainedInt done
Event: 0.739 loading class java/util/stream/IntPipeline$9$1 done
Event: 0.739 loading class java/lang/StringUTF16$CharsSpliterator
Event: 0.739 loading class java/lang/StringUTF16$CharsSpliterator done
Event: 0.739 loading class java/lang/CharacterData00
Event: 0.739 loading class java/lang/CharacterData00 done
Event: 0.740 loading class java/text/DecimalFormat
Event: 0.740 loading class java/text/DecimalFormat done
Event: 0.741 loading class java/text/FieldPosition
Event: 0.741 loading class java/text/FieldPosition done
Event: 0.741 loading class java/text/DigitList
Event: 0.741 loading class java/text/DigitList done
Event: 0.741 loading class java/math/RoundingMode
Event: 0.741 loading class java/math/RoundingMode done
Event: 0.741 loading class java/nio/channels/spi/AbstractInterruptibleChannel$1
Event: 0.741 loading class sun/nio/ch/Interruptible
Event: 0.741 loading class sun/nio/ch/Interruptible done
Event: 0.741 loading class java/nio/channels/spi/AbstractInterruptibleChannel$1 done
Event: 0.742 loading class java/util/regex/Matcher$ImmutableMatchResult
Event: 0.742 loading class java/util/regex/Matcher$ImmutableMatchResult done


Dynamic libraries:
0x00007ff734a90000 - 0x00007ff734a9d000 	C:\Users\garag\.p2\pool\plugins\org.eclipse.justj.openjdk.hotspot.jre.full.win32.x86_64_15.0.2.v20210201-0955\jre\bin\javaw.exe
0x00007fffa83d0000 - 0x00007fffa85c5000 	C:\WINDOWS\SYSTEM32\ntdll.dll
0x00007fffa7300000 - 0x00007fffa73bd000 	C:\WINDOWS\System32\KERNEL32.DLL
0x00007fffa6170000 - 0x00007fffa6438000 	C:\WINDOWS\System32\KERNELBASE.dll
0x00007fffa5dd0000 - 0x00007fffa5ed0000 	C:\WINDOWS\System32\ucrtbase.dll
0x00007fff93d50000 - 0x00007fff93d68000 	C:\Users\garag\.p2\pool\plugins\org.eclipse.justj.openjdk.hotspot.jre.full.win32.x86_64_15.0.2.v20210201-0955\jre\bin\jli.dll
0x00007fff93c80000 - 0x00007fff93c99000 	C:\Users\garag\.p2\pool\plugins\org.eclipse.justj.openjdk.hotspot.jre.full.win32.x86_64_15.0.2.v20210201-0955\jre\bin\VCRUNTIME140.dll
0x00007fffa7b80000 - 0x00007fffa7d20000 	C:\WINDOWS\System32\USER32.dll
0x00007fff934b0000 - 0x00007fff9374a000 	C:\WINDOWS\WinSxS\amd64_microsoft.windows.common-controls_6595b64144ccf1df_6.0.19041.1052_none_60b8f8fd71f5e8cb\COMCTL32.dll
0x00007fffa5cf0000 - 0x00007fffa5d12000 	C:\WINDOWS\System32\win32u.dll
0x00007fffa7230000 - 0x00007fffa72ce000 	C:\WINDOWS\System32\msvcrt.dll
0x00007fffa72d0000 - 0x00007fffa72fa000 	C:\WINDOWS\System32\GDI32.dll
0x00007fffa6060000 - 0x00007fffa616b000 	C:\WINDOWS\System32\gdi32full.dll
0x00007fffa5c50000 - 0x00007fffa5ced000 	C:\WINDOWS\System32\msvcp_win.dll
0x00007fffa6440000 - 0x00007fffa6470000 	C:\WINDOWS\System32\IMM32.DLL
0x00007fff9ab00000 - 0x00007fff9ab0c000 	C:\Users\garag\.p2\pool\plugins\org.eclipse.justj.openjdk.hotspot.jre.full.win32.x86_64_15.0.2.v20210201-0955\jre\bin\vcruntime140_1.dll
0x00007fff72200000 - 0x00007fff72291000 	C:\Users\garag\.p2\pool\plugins\org.eclipse.justj.openjdk.hotspot.jre.full.win32.x86_64_15.0.2.v20210201-0955\jre\bin\msvcp140.dll
0x00007fff477b0000 - 0x00007fff4830e000 	C:\Users\garag\.p2\pool\plugins\org.eclipse.justj.openjdk.hotspot.jre.full.win32.x86_64_15.0.2.v20210201-0955\jre\bin\server\jvm.dll
0x00007fffa6750000 - 0x00007fffa67fc000 	C:\WINDOWS\System32\ADVAPI32.dll
0x00007fffa6470000 - 0x00007fffa650b000 	C:\WINDOWS\System32\sechost.dll
0x00007fffa6570000 - 0x00007fffa669b000 	C:\WINDOWS\System32\RPCRT4.dll
0x00007fffa6800000 - 0x00007fffa6808000 	C:\WINDOWS\System32\PSAPI.DLL
0x00007fff93de0000 - 0x00007fff93de9000 	C:\WINDOWS\SYSTEM32\WSOCK32.dll
0x00007fff9aea0000 - 0x00007fff9aec7000 	C:\WINDOWS\SYSTEM32\WINMM.dll
0x00007fff9ff40000 - 0x00007fff9ff4a000 	C:\WINDOWS\SYSTEM32\VERSION.dll
0x00007fffa69d0000 - 0x00007fffa6a3b000 	C:\WINDOWS\System32\WS2_32.dll
0x00007fffa3a80000 - 0x00007fffa3a92000 	C:\WINDOWS\SYSTEM32\kernel.appcore.dll
0x00007fffa16d0000 - 0x00007fffa16da000 	C:\Users\garag\.p2\pool\plugins\org.eclipse.justj.openjdk.hotspot.jre.full.win32.x86_64_15.0.2.v20210201-0955\jre\bin\jimage.dll
0x00007fff8e5b0000 - 0x00007fff8e794000 	C:\WINDOWS\SYSTEM32\DBGHELP.DLL
0x00007fff8bac0000 - 0x00007fff8baec000 	C:\WINDOWS\SYSTEM32\dbgcore.DLL
0x00007fffa5bc0000 - 0x00007fffa5c43000 	C:\WINDOWS\System32\bcryptPrimitives.dll
0x00007fff9aa90000 - 0x00007fff9aab5000 	C:\Users\garag\.p2\pool\plugins\org.eclipse.justj.openjdk.hotspot.jre.full.win32.x86_64_15.0.2.v20210201-0955\jre\bin\java.dll
0x00007fffa1630000 - 0x00007fffa1648000 	C:\Users\garag\.p2\pool\plugins\org.eclipse.justj.openjdk.hotspot.jre.full.win32.x86_64_15.0.2.v20210201-0955\jre\bin\zip.dll
0x00007fffa7440000 - 0x00007fffa7b7f000 	C:\WINDOWS\System32\SHELL32.dll
0x00007fffa3c80000 - 0x00007fffa4410000 	C:\WINDOWS\SYSTEM32\windows.storage.dll
0x00007fffa7d30000 - 0x00007fffa8085000 	C:\WINDOWS\System32\combase.dll
0x00007fffa5580000 - 0x00007fffa55ac000 	C:\WINDOWS\SYSTEM32\Wldp.dll
0x00007fffa66a0000 - 0x00007fffa674e000 	C:\WINDOWS\System32\SHCORE.dll
0x00007fffa8240000 - 0x00007fffa8295000 	C:\WINDOWS\System32\shlwapi.dll
0x00007fffa5a50000 - 0x00007fffa5a6f000 	C:\WINDOWS\SYSTEM32\profapi.dll
0x00007fffa16e0000 - 0x00007fffa16f0000 	C:\Users\garag\.p2\pool\plugins\org.eclipse.justj.openjdk.hotspot.jre.full.win32.x86_64_15.0.2.v20210201-0955\jre\bin\verify.dll
0x00007fffa0650000 - 0x00007fffa0669000 	C:\Users\garag\.p2\pool\plugins\org.eclipse.justj.openjdk.hotspot.jre.full.win32.x86_64_15.0.2.v20210201-0955\jre\bin\net.dll
0x00007fff9ab30000 - 0x00007fff9ac3b000 	C:\WINDOWS\SYSTEM32\WINHTTP.dll
0x00007fffa52f0000 - 0x00007fffa535a000 	C:\WINDOWS\system32\mswsock.dll
0x00007fff9d760000 - 0x00007fff9d772000 	C:\Users\garag\.p2\pool\plugins\org.eclipse.justj.openjdk.hotspot.jre.full.win32.x86_64_15.0.2.v20210201-0955\jre\bin\nio.dll
0x00007fff90d10000 - 0x00007fff90d74000 	C:\Users\garag\AppData\Local\Temp\lwjglgarag\3.2.3-build-13\lwjgl.dll
0x00007fff90b60000 - 0x00007fff90bc2000 	C:\Users\garag\AppData\Local\Temp\lwjglgarag\3.2.3-build-13\glfw.dll
0x00007fffa35c0000 - 0x00007fffa365e000 	C:\WINDOWS\system32\uxtheme.dll
0x00007fff7e190000 - 0x00007fff7e1d5000 	C:\WINDOWS\SYSTEM32\dinput8.dll
0x00007fff58c40000 - 0x00007fff58c51000 	C:\WINDOWS\SYSTEM32\xinput1_4.dll
0x00007fffa5b70000 - 0x00007fffa5bbe000 	C:\WINDOWS\System32\cfgmgr32.dll
0x00007fffa58c0000 - 0x00007fffa58ec000 	C:\WINDOWS\SYSTEM32\DEVOBJ.dll
0x00007fffa37c0000 - 0x00007fffa37ef000 	C:\WINDOWS\SYSTEM32\dwmapi.dll
0x00007fff9cbd0000 - 0x00007fff9cd22000 	C:\WINDOWS\SYSTEM32\inputhost.dll
0x00007fffa8170000 - 0x00007fffa823d000 	C:\WINDOWS\System32\OLEAUT32.dll
0x00007fffa30d0000 - 0x00007fffa31c2000 	C:\WINDOWS\SYSTEM32\CoreMessaging.dll
0x00007fffa1750000 - 0x00007fffa1846000 	C:\WINDOWS\SYSTEM32\PROPSYS.dll
0x00007fffa2d70000 - 0x00007fffa30ce000 	C:\WINDOWS\SYSTEM32\CoreUIComponents.dll
0x00007fffa26a0000 - 0x00007fffa27f4000 	C:\WINDOWS\SYSTEM32\wintypes.dll
0x00007fffa4850000 - 0x00007fffa4883000 	C:\WINDOWS\SYSTEM32\ntmarta.dll
0x00007fffa6a40000 - 0x00007fffa6b55000 	C:\WINDOWS\System32\MSCTF.dll
0x00007fffa4410000 - 0x00007fffa441d000 	C:\WINDOWS\SYSTEM32\HID.DLL
0x00007fffa6b60000 - 0x00007fffa6fc9000 	C:\WINDOWS\System32\SETUPAPI.DLL
0x00007fffa6030000 - 0x00007fffa6057000 	C:\WINDOWS\System32\bcrypt.dll
0x00007fffa5b10000 - 0x00007fffa5b70000 	C:\WINDOWS\System32\WINTRUST.dll
0x00007fffa5ed0000 - 0x00007fffa602f000 	C:\WINDOWS\System32\CRYPT32.dll
0x00007fffa5700000 - 0x00007fffa5712000 	C:\WINDOWS\SYSTEM32\MSASN1.dll
0x00007fff6ae50000 - 0x00007fff6af76000 	C:\WINDOWS\SYSTEM32\opengl32.dll
0x00007fff70810000 - 0x00007fff7083c000 	C:\WINDOWS\SYSTEM32\GLU32.dll
0x00007fffa6ff0000 - 0x00007fffa7099000 	C:\WINDOWS\System32\clbcatq.dll
0x00007fff27350000 - 0x00007fff2a030000 	C:\WINDOWS\System32\DriverStore\FileRepository\nvdd.inf_amd64_317063b9f4b156d8\nvoglv64.dll
0x00007fffa7100000 - 0x00007fffa722a000 	C:\WINDOWS\System32\ole32.dll
0x00007fffa18b0000 - 0x00007fffa18c4000 	C:\WINDOWS\SYSTEM32\WTSAPI32.dll
0x00007fff9f3a0000 - 0x00007fff9f3d1000 	C:\WINDOWS\SYSTEM32\cryptnet.dll
0x00007fffa54e0000 - 0x00007fffa54ec000 	C:\WINDOWS\SYSTEM32\cryptbase.dll
0x00007fff9da80000 - 0x00007fff9dabb000 	C:\WINDOWS\SYSTEM32\dxcore.dll
0x00007fffa5100000 - 0x00007fffa514b000 	C:\WINDOWS\SYSTEM32\powrprof.dll
0x00007fffa4f70000 - 0x00007fffa4f82000 	C:\WINDOWS\SYSTEM32\UMPDC.dll
0x00007fffa4900000 - 0x00007fffa495a000 	C:\WINDOWS\SYSTEM32\WINSTA.dll
0x00007fff9cd30000 - 0x00007fff9ce29000 	C:\WINDOWS\SYSTEM32\textinputframework.dll
0x00007fff722d0000 - 0x00007fff72329000 	C:\Users\garag\AppData\Local\Temp\lwjglgarag\3.2.3-build-13\lwjgl_opengl.dll

dbghelp: loaded successfully - version: 4.0.5 - missing functions: none
symbol engine: initialized successfully - sym options: 0x614 - pdb path: .;C:\Users\garag\.p2\pool\plugins\org.eclipse.justj.openjdk.hotspot.jre.full.win32.x86_64_15.0.2.v20210201-0955\jre\bin;C:\WINDOWS\SYSTEM32;C:\WINDOWS\WinSxS\amd64_microsoft.windows.common-controls_6595b64144ccf1df_6.0.19041.1052_none_60b8f8fd71f5e8cb;C:\Users\garag\.p2\pool\plugins\org.eclipse.justj.openjdk.hotspot.jre.full.win32.x86_64_15.0.2.v20210201-0955\jre\bin\server;C:\Users\garag\AppData\Local\Temp\lwjglgarag\3.2.3-build-13;C:\WINDOWS\System32\DriverStore\FileRepository\nvdd.inf_amd64_317063b9f4b156d8

VM Arguments:
jvm_args: -Dfile.encoding=Cp1252 -XX:+ShowCodeDetailsInExceptionMessages 
java_command: codecraft.Main
java_class_path (initial): C:\Users\garag\Documents\codecraftWorkspace\CodecraftClient\target\classes;C:\Users\garag\.m2\repository\org\lwjgl\lwjgl\3.2.3\lwjgl-3.2.3.jar;C:\Users\garag\.m2\repository\org\lwjgl\lwjgl-assimp\3.2.3\lwjgl-assimp-3.2.3.jar;C:\Users\garag\.m2\repository\org\lwjgl\lwjgl-glfw\3.2.3\lwjgl-glfw-3.2.3.jar;C:\Users\garag\.m2\repository\org\lwjgl\lwjgl-openal\3.2.3\lwjgl-openal-3.2.3.jar;C:\Users\garag\.m2\repository\org\lwjgl\lwjgl-opengl\3.2.3\lwjgl-opengl-3.2.3.jar;C:\Users\garag\.m2\repository\org\lwjgl\lwjgl-openvr\3.2.3\lwjgl-openvr-3.2.3.jar;C:\Users\garag\.m2\repository\org\lwjgl\lwjgl-stb\3.2.3\lwjgl-stb-3.2.3.jar;C:\Users\garag\.m2\repository\org\lwjgl\lwjgl\3.2.3\lwjgl-3.2.3-natives-windows.jar;C:\Users\garag\.m2\repository\org\lwjgl\lwjgl-assimp\3.2.3\lwjgl-assimp-3.2.3-natives-windows.jar;C:\Users\garag\.m2\repository\org\lwjgl\lwjgl-glfw\3.2.3\lwjgl-glfw-3.2.3-natives-windows.jar;C:\Users\garag\.m2\repository\org\lwjgl\lwjgl-openal\3.2.3\lwjgl-openal-3.2.3-natives-windows.jar;C:\Users\garag\.m2\repository\org\lwjgl\lwjgl-opengl\3.2.3\lwjgl-opengl-3.2.3-natives-windows.jar;C:\Users\garag\.m2\repository\org\lwjgl\lwjgl-openvr\3.2.3\lwjgl-openvr-3.2.3-natives-windows.jar;C:\Users\garag\.m2\repository\org\lwjgl\lwjgl-stb\3.2.3\lwjgl-stb-3.2.3-natives-windows.jar;C:\Users\garag\.m2\repository\org\joml\joml\1.10.1\joml-1.10.1.jar
Launcher Type: SUN_STANDARD

[Global flags]
     intx CICompilerCount                          = 3                                         {product} {ergonomic}
     uint ConcGCThreads                            = 2                                         {product} {ergonomic}
     uint G1ConcRefinementThreads                  = 6                                         {product} {ergonomic}
   size_t G1HeapRegionSize                         = 8388608                                   {product} {ergonomic}
    uintx GCDrainStackTargetSize                   = 64                                        {product} {ergonomic}
   size_t InitialHeapSize                          = 1073741824                                {product} {ergonomic}
   size_t MarkStackSize                            = 4194304                                   {product} {ergonomic}
   size_t MaxHeapSize                              = 17129537536                               {product} {ergonomic}
   size_t MaxNewSize                               = 10276044800                               {product} {ergonomic}
   size_t MinHeapDeltaBytes                        = 8388608                                   {product} {ergonomic}
   size_t MinHeapSize                              = 8388608                                   {product} {ergonomic}
    uintx NonNMethodCodeHeapSize                   = 5832780                                {pd product} {ergonomic}
    uintx NonProfiledCodeHeapSize                  = 122912730                              {pd product} {ergonomic}
    uintx ProfiledCodeHeapSize                     = 122912730                              {pd product} {ergonomic}
    uintx ReservedCodeCacheSize                    = 251658240                              {pd product} {ergonomic}
     bool SegmentedCodeCache                       = true                                      {product} {ergonomic}
     bool ShowCodeDetailsInExceptionMessages       = true                                   {manageable} {command line}
   size_t SoftMaxHeapSize                          = 17129537536                            {manageable} {ergonomic}
     bool UseCompressedClassPointers               = true                                 {lp64_product} {ergonomic}
     bool UseCompressedOops                        = true                                 {lp64_product} {ergonomic}
     bool UseG1GC                                  = true                                      {product} {ergonomic}
     bool UseLargePagesIndividualAllocation        = false                                  {pd product} {ergonomic}

Logging:
Log output configuration:
 #0: stdout all=warning uptime,level,tags
 #1: stderr all=off uptime,level,tags

Environment Variables:
PATH=C:/Users/garag/.p2/pool/plugins/org.eclipse.justj.openjdk.hotspot.jre.full.win32.x86_64_15.0.2.v20210201-0955/jre/bin/server;C:/Users/garag/.p2/pool/plugins/org.eclipse.justj.openjdk.hotspot.jre.full.win32.x86_64_15.0.2.v20210201-0955/jre/bin;C:\Program Files\Common Files\Oracle\Java\javapath;C:\usr\local\cell\host-win32\spu\bin;C:\usr\local\cell\host-win32\ppu\bin;C:\usr\local\cell\host-win32\sn\bin;C:\usr\local\cell\host-win32\bin;C:\usr\local\cell\host-win32\Cg\bin;C:\Program Files\AdoptOpenJDK\jdk-11.0.11.9-hotspot\bin;C:\Program Files\AdoptOpenJDK\jre-11.0.11.9-hotspot\bin;C:\Program Files (x86)\AdoptOpenJDK\jdk-11.0.11.9-hotspot\bin;C:\Program Files (x86)\SN Systems\PS3\bin;C:\Program Files (x86)\Common Files\Oracle\Java\javapath;C:\WINDOWS\system32;C:\WINDOWS;C:\WINDOWS\System32\Wbem;C:\WINDOWS\System32\WindowsPowerShell\v1.0\;C:\WINDOWS\System32\OpenSSH\;C:\Program Files\dotnet\;C:\Program Files\Microsoft SQL Server\130\Tools\Binn\;C:\Program Files\Microsoft SQL Server\Client SDK\ODBC\170\Tools\Binn\;C:\Program Files\Git\cmd;C:\Program Files\nodejs\;C:\Program Files (x86)\GtkSharp\2.12\bin;C:\Program Files\PuTTY\;C:\MinGW\bin;C:\Users\garag\.cargo\bin;C:\Users\garag\AppData\Local\Microsoft\WindowsApps;C:\Users\garag\AppData\Local\GitHubDesktop\bin;C:\Users\garag\.dotnet\tools;C:\Program Files (x86)\Nmap;C:\ProgramData\garag\atom\bin;C:\Users\garag\AppData\Local\Microsoft\WindowsApps;C:\Program Files (x86)\GitHub CLI\;C:\Users\garag\AppData\Local\gitkraken\bin;C:\Users\garag\AppData\Roaming\npm;C:\Users\garag\AppData\Local\Programs\Fiddler;C:\Program Files (x86)\mitmproxy\bin;C:\Users\garag\AppData\Local\Programs\EmEditor;C:\WINDOWS\system32;
USERNAME=garag
OS=Windows_NT
PROCESSOR_IDENTIFIER=Intel64 Family 6 Model 158 Stepping 10, GenuineIntel



---------------  S Y S T E M  ---------------

OS:
 Windows 10 , 64 bit Build 19041 (10.0.19041.1023)
OS uptime: 8 days 1:39 hours

CPU: total 6 (initial active 6) (6 cores per cpu, 1 threads per core) family 6 model 158 stepping 10 microcode 0xb4, cmov, cx8, fxsr, mmx, sse, sse2, sse3, ssse3, sse4.1, sse4.2, popcnt, vzeroupper, avx, avx2, aes, clmul, erms, 3dnowpref, lzcnt, tsc, tscinvbit, bmi1, bmi2, adx, fma, clflush, clflushopt

Memory: 4k page, system-wide physical 65343M (36798M free)
TotalPageFile size 75071M (AvailPageFile size 39857M)
current process WorkingSet (physical memory assigned to process): 98M, peak: 98M
current process commit charge ("private bytes"): 1194M, peak: 1194M

vm_info: OpenJDK 64-Bit Server VM (15.0.2+7-27) for windows-amd64 JRE (15.0.2+7-27), built on Dec  7 2020 20:02:38 by "mach5one" with unknown MS VC++:1925

END.
